2025-09-24 19:52:20,214 - INFO - 기존 데이터 파일이 없습니다. 새로 시작합니다.
2025-09-24 19:52:20,215 - INFO - 스케줄러 초기화 완료 - 체크 간격: 30분, 데이터 파일: notices_data.json
2025-09-24 19:52:20,216 - INFO - 한 번만 실행 모드
2025-09-24 19:52:20,216 - INFO - 새로운 게시글 확인 시작...
2025-09-24 19:52:21,013 - INFO - 총 2페이지 확인 중...
2025-09-24 19:52:21,853 - INFO - 새 게시글 발견: [ 일반공지 ] [계절학기] 2025학년도 동기 계절학기 실용영어 교과목 개설 및 수강신청...
2025-09-24 19:52:22,914 - INFO - 새 게시글 발견: [ 일반공지 ] 2025학년도 동기 계절수업 운영계획 및 개설 희망과목 신청 안내(10.1...
2025-09-24 19:52:23,983 - INFO - 새 게시글 발견: [ 일반공지 ] [통합전공탐색] 교과목 출석 및 평가 기준 안내...
2025-09-24 19:52:25,075 - INFO - 새 게시글 발견: [ 일반공지 ] 2025학년도 학사계획 변경 안내(10.10.(금) 임시휴업일 지정)...
2025-09-24 19:52:26,186 - INFO - 새 게시글 발견: [ 일반공지 ] (2025학년도 2학기~) 평생지도교수제 <진로개발 및 상담> 이수기준 안...
2025-09-24 19:52:27,282 - INFO - 새 게시글 발견: [ 일반공지 ] 전공진로설계 교과목 폐지에 따른 졸업 요건 변경 및 후속 조치 안내...
2025-09-24 19:52:28,394 - INFO - 새 게시글 발견: [ 일반공지 ] 2025 전북대학교 학사제도 FAQ 안내서 배포(PDF파일)...
2025-09-24 19:52:29,441 - INFO - 새 게시글 발견: [ 일반공지 ] [[컴퓨터공학전공]] 대학원 연구실 소개자료...
2025-09-24 19:52:30,551 - INFO - 새 게시글 발견: [ 전체게시판공지 ] 폭력예방교육/연구활동종사자 안전교육 미이수 학생 성적조회 제한 안내(...
2025-09-24 19:52:31,652 - INFO - 새 게시글 발견: [ 일반공지 ] 학적변동에 따른 장학금 유의사항 안내...
2025-09-24 19:52:32,805 - INFO - 새 게시글 발견: [ 일반공지 ] 전북대학교 미출석취업자 출석인정 운영지침 일부개정 알림...
2025-09-24 19:52:33,917 - INFO - 새 게시글 발견: [ 일반공지 ] 졸업자격인증제 운영 규정 개정 알림[개정 23. 12. 27 규정 제274...
2025-09-24 19:52:35,070 - INFO - 새 게시글 발견: [ 일반공지 ] [장학금] 공과대학 교외 장학생 선발 시 유의사항 안내...
2025-09-24 19:52:36,142 - INFO - 새 게시글 발견: [ 일반공지 ] [졸업기준] 필수요건 [학점 + 실기발표 + 졸업자격인증제 + 진로교과목]...
2025-09-24 19:52:37,223 - INFO - 새 게시글 발견: [ 일반공지 ] [장학금&전공포인트] [폭력예방교육 필수]컴퓨터인공지능학부 성적우수(학비감...
2025-09-24 19:52:38,343 - INFO - 새 게시글 발견: 2025학년도 2학기 재(복)학생 3차 추가 등록 안내 새글...
2025-09-24 19:52:39,492 - INFO - 새 게시글 발견: 2025학년도 2학기 신입생-재학생 멘토링 프로그램 멘티 모집 안내(2차)(~9/26) 새...
2025-09-24 19:52:40,568 - INFO - 새 게시글 발견: (국립대육성) 2025학년도 「글렙업+」프로그램 운영 안내 새글...
2025-09-24 19:52:43,026 - INFO - 새 게시글 발견: 2025학년도 2학기 사회봉사 교과목 소양교육 이수인원 안내 새글...
2025-09-24 19:52:44,713 - INFO - 새 게시글 발견: 2025년 하반기 신규 연구활동종사자 1차 안전교육(집합) 실시 안내...
2025-09-24 19:52:46,384 - INFO - 새 게시글 발견: (글로컬/교육혁신) 2025학년도 2학기 BSM 마스터 과정 2차 운영 안내...
2025-09-24 19:52:48,115 - INFO - 새 게시글 발견: 제281회 NAEK Forum 초청 차세대 공학리더 모집...
2025-09-24 19:52:49,810 - INFO - 새 게시글 발견: 2025학년도 2학기 평생지도교수제 교과목 「진로개발 및 상담」이수 안내...
2025-09-24 19:52:51,544 - INFO - 새 게시글 발견: [수강] 2025학년도 2학기 학부 전공교과목 2차 폐강 안내...
2025-09-24 19:52:54,108 - INFO - 새 게시글 발견: 2025학년도 2학기 [클라우드컴퓨팅] 교과목 TA 모집(강동기 교수님)...
2025-09-24 19:52:56,172 - INFO - 새 게시글 발견: 2025년 동계 JBNU파란사다리 파견 프로그램 선발 안내...
2025-09-24 19:53:01,344 - INFO - 새 게시글 발견: 2025학년도 2학기 신입생-재학생 멘토링 프로그램 멘티 모집 안내(1차)(~9/12)...
2025-09-24 19:53:03,040 - INFO - 새 게시글 발견: 2026학년도 1학기 해외자매대학 파견교환학생 선발 안내...
2025-09-24 19:53:04,718 - INFO - 새 게시글 발견: 2025학년도 제2학기 수강신청 취소 안내(9.15.(월)~9.17.(수) 18:00)...
2025-09-24 19:53:06,400 - INFO - 새 게시글 발견: 2025학년도 2학기 재(복)학생 미등록자 2차 추가등록 안내...
2025-09-24 19:53:08,282 - INFO - 새 게시글 발견: 2026학년도 (재)미래인재육성재단 신규장학생 추천 안내 (9.19.(금)까지)...
2025-09-24 19:53:09,934 - INFO - 새 게시글 발견: [국립대육성] 2025학년도 공동교육혁신센터 콘텐츠 교류 변경 안내...
2025-09-24 19:53:11,547 - INFO - 새 게시글 발견: 2025학년도 교육과정 만족도 조사 협조 요청(9.30.(화)까지)...
2025-09-24 19:53:13,155 - INFO - 새 게시글 발견: (글로컬/교육혁신) 2025학년도 2학기 BSM 마스터 과정 운영 안내...
2025-09-24 19:53:14,807 - INFO - 새 게시글 발견: [수강] [공학계열2] 통합전공탐색 교과목 안내자료...
2025-09-24 19:53:16,488 - INFO - 새 게시글 발견: [2025-2학기 전공포인트 부여] C프로그래밍 특화교육 실시 안내(교육 및 멘토신청:9....
2025-09-24 19:53:18,225 - INFO - 새 게시글 발견: 2025학년도 2학기 [알고리즘] 교과목 TA 모집(박혁우 교수님)...
2025-09-24 19:53:19,841 - INFO - 새 게시글 발견: 2025학년도 2학기 [리눅스프로그래밍] 교과목 TA 모집(박순찬 교수님)...
2025-09-24 19:53:21,406 - INFO - 새 게시글 발견: 2025학년도 2학기 재(복)학생 미등록자 안내...
2025-09-24 19:53:23,034 - INFO - 새 게시글 발견: [1학년] 2025년 전북대학교 대입전형 사교육 영향평가 설문조사...
2025-09-24 19:53:24,659 - INFO - 새 게시글 발견: 2025년도 하반기 인재등용관 입실생 모집 안내(9/5)...
2025-09-24 19:53:27,298 - INFO - 데이터 저장 완료: notices_data.json
2025-09-24 19:53:27,299 - INFO - 새로운 게시글 41개 발견 및 저장 완료
