2025-09-28 04:42:34,906 - INFO - 확장된 다중 도메인 크롤러 초기화 완료 - 2개 도메인
2025-09-28 04:42:34,911 - INFO - 확장된 다중 도메인 크롤링 시작...
2025-09-28 04:42:34,917 - INFO - [전북대학교 컴퓨터인공지능학부 - 학과소식] 크롤링 시작: https://csai.jbnu.ac.kr/csai/29105/subview.do
2025-09-28 04:42:34,917 - INFO - [전북대학교 컴퓨터인공지능학부 - 일반공지] 크롤링 시작: https://csai.jbnu.ac.kr/csai/29106/subview.do
2025-09-28 04:42:34,919 - INFO - [전북대학교 컴퓨터인공지능학부 - 학사공지] 크롤링 시작: https://csai.jbnu.ac.kr/csai/29107/subview.do
2025-09-28 04:42:34,921 - INFO - [전북대학교 컴퓨터인공지능학부 - 사업단공지] 크롤링 시작: https://csai.jbnu.ac.kr/csai/31501/subview.do
2025-09-28 04:42:34,922 - INFO - [전북대학교 컴퓨터인공지능학부 - 취업정보] 크롤링 시작: https://csai.jbnu.ac.kr/csai/29108/subview.do
2025-09-28 04:42:36,710 - INFO - [전북대학교 컴퓨터인공지능학부 - 학과소식] 총 2페이지 크롤링 예정
2025-09-28 04:42:36,915 - INFO - [전북대학교 컴퓨터인공지능학부 - 일반공지] 총 2페이지 크롤링 예정
2025-09-28 04:42:36,963 - INFO - [전북대학교 컴퓨터인공지능학부 - 사업단공지] 총 2페이지 크롤링 예정
2025-09-28 04:42:37,062 - INFO - [전북대학교 컴퓨터인공지능학부 - 취업정보] 총 2페이지 크롤링 예정
2025-09-28 04:42:37,114 - INFO - [전북대학교 컴퓨터인공지능학부 - 학사공지] 총 2페이지 크롤링 예정
2025-09-28 04:42:53,932 - INFO - [전북대학교 컴퓨터인공지능학부 - 학과소식] 페이지 1/2 완료: 11개 게시글
2025-09-28 04:42:54,150 - INFO - [전북대학교 컴퓨터인공지능학부 - 일반공지] 페이지 1/2 완료: 11개 게시글
2025-09-28 04:42:54,967 - INFO - [전북대학교 컴퓨터인공지능학부 - 취업정보] 페이지 1/2 완료: 11개 게시글
2025-09-28 04:42:54,988 - INFO - [전북대학교 컴퓨터인공지능학부 - 사업단공지] 페이지 1/2 완료: 11개 게시글
2025-09-28 04:43:12,147 - INFO - [전북대학교 컴퓨터인공지능학부 - 학과소식] 페이지 2/2 완료: 11개 게시글
2025-09-28 04:43:12,162 - INFO - [전북대학교 컴퓨터인공지능학부 - 일반공지] 페이지 2/2 완료: 11개 게시글
2025-09-28 04:43:12,648 - INFO - [전북대학교 컴퓨터인공지능학부 - 학과소식] 크롤링 완료: 총 22개 게시글
2025-09-28 04:43:12,665 - INFO - [군산대학교 컴퓨터정보공학과 - 공지사항] 크롤링 시작: https://www.kunsan.ac.kr/cie/board/list.kunsan?boardId=BBS_0000758&menuCd=DOM_000011204001000000&contentsSid=4535&cpath=%2Fcie
2025-09-28 04:43:12,665 - INFO - [전북대학교 컴퓨터인공지능학부 - 일반공지] 크롤링 완료: 총 22개 게시글
2025-09-28 04:43:12,665 - INFO - [전북대학교 컴퓨터인공지능학부 - 학과소식] 22개 게시글 수집 완료
2025-09-28 04:43:12,675 - INFO - [군산대학교 컴퓨터정보공학과 - 취업공고] 크롤링 시작: https://www.kunsan.ac.kr/cie/board/list.kunsan?boardId=BBS_0000761&menuCd=DOM_000011204003000000&contentsSid=4550&cpath=%2Fcie
2025-09-28 04:43:12,677 - INFO - [전북대학교 컴퓨터인공지능학부 - 일반공지] 22개 게시글 수집 완료
2025-09-28 04:43:12,766 - INFO - [전북대학교 컴퓨터인공지능학부 - 취업정보] 페이지 2/2 완료: 11개 게시글
2025-09-28 04:43:13,317 - INFO - [전북대학교 컴퓨터인공지능학부 - 취업정보] 크롤링 완료: 총 22개 게시글
2025-09-28 04:43:13,322 - INFO - [군산대학교 컴퓨터정보공학과 - 학과소식] 크롤링 시작: https://www.kunsan.ac.kr/cie/board/list.kunsan?boardId=BBS_0001181&menuCd=DOM_000011204007000000&contentsSid=7252&cpath=%2Fcie
2025-09-28 04:43:13,322 - INFO - [전북대학교 컴퓨터인공지능학부 - 취업정보] 22개 게시글 수집 완료
2025-09-28 04:43:13,393 - INFO - [전북대학교 컴퓨터인공지능학부 - 사업단공지] 페이지 2/2 완료: 11개 게시글
2025-09-28 04:43:13,904 - INFO - [전북대학교 컴퓨터인공지능학부 - 사업단공지] 크롤링 완료: 총 22개 게시글
2025-09-28 04:43:13,915 - INFO - [전북대학교 컴퓨터인공지능학부 - 사업단공지] 22개 게시글 수집 완료
2025-09-28 04:43:14,055 - INFO - [군산대학교 컴퓨터정보공학과 - 취업공고] 총 1페이지 크롤링 예정
2025-09-28 04:43:14,138 - INFO - [군산대학교 컴퓨터정보공학과 - 공지사항] 총 1페이지 크롤링 예정
2025-09-28 04:43:14,766 - INFO - [군산대학교 컴퓨터정보공학과 - 학과소식] 총 1페이지 크롤링 예정
2025-09-28 04:43:24,759 - INFO - [전북대학교 컴퓨터인공지능학부 - 학사공지] 페이지 1/2 완료: 30개 게시글
2025-09-28 04:43:31,244 - INFO - [군산대학교 컴퓨터정보공학과 - 학과소식] 페이지 1/1 완료: 9개 게시글
2025-09-28 04:43:31,736 - INFO - [군산대학교 컴퓨터정보공학과 - 취업공고] 페이지 1/1 완료: 10개 게시글
2025-09-28 04:43:31,746 - INFO - [군산대학교 컴퓨터정보공학과 - 학과소식] 크롤링 완료: 총 9개 게시글
2025-09-28 04:43:31,751 - INFO - [군산대학교 컴퓨터정보공학과 - 학과소식] 9개 게시글 수집 완료
2025-09-28 04:43:32,246 - INFO - [군산대학교 컴퓨터정보공학과 - 취업공고] 크롤링 완료: 총 10개 게시글
2025-09-28 04:43:32,272 - INFO - [군산대학교 컴퓨터정보공학과 - 취업공고] 10개 게시글 수집 완료
2025-09-28 04:43:32,993 - INFO - [군산대학교 컴퓨터정보공학과 - 공지사항] 페이지 1/1 완료: 10개 게시글
2025-09-28 04:43:33,494 - INFO - [군산대학교 컴퓨터정보공학과 - 공지사항] 크롤링 완료: 총 10개 게시글
2025-09-28 04:43:33,499 - INFO - [군산대학교 컴퓨터정보공학과 - 공지사항] 10개 게시글 수집 완료
2025-09-28 04:44:03,653 - INFO - [전북대학교 컴퓨터인공지능학부 - 학사공지] 페이지 2/2 완료: 30개 게시글
2025-09-28 04:44:04,154 - INFO - [전북대학교 컴퓨터인공지능학부 - 학사공지] 크롤링 완료: 총 60개 게시글
2025-09-28 04:44:04,162 - INFO - [전북대학교 컴퓨터인공지능학부 - 학사공지] 60개 게시글 수집 완료
2025-09-28 04:44:04,165 - INFO - 전체 크롤링 완료: 177개 게시글, 소요시간: 89.25초
2025-09-28 04:44:04,190 - INFO - JSON 파일 저장 완료: extended_notices_20250928_044404.json
