2025-09-25 16:49:45,702 - INFO - 다중 URL 크롤러 초기화 완료 - 5개 URL
2025-09-25 16:49:45,711 - INFO - [학과소식] 크롤링 시작: https://csai.jbnu.ac.kr/csai/29105/subview.do
2025-09-25 16:49:47,014 - INFO - [학과소식] 총 1페이지 크롤링 예정
2025-09-25 16:50:01,112 - INFO - [학과소식] 페이지 1/1 완료: 11개 게시글
2025-09-25 16:50:01,614 - INFO - [학과소식] 크롤링 완료: 총 11개 게시글
2025-09-25 16:50:01,649 - INFO - 다중 URL 크롤러 초기화 완료 - 5개 URL
2025-09-25 16:50:01,652 - INFO - 다중 URL 크롤링 시작...
2025-09-25 16:50:01,708 - INFO - [학과소식] 크롤링 시작: https://csai.jbnu.ac.kr/csai/29105/subview.do
2025-09-25 16:50:01,709 - INFO - [일반공지] 크롤링 시작: https://csai.jbnu.ac.kr/csai/29106/subview.do
2025-09-25 16:50:01,710 - INFO - [학사공지] 크롤링 시작: https://csai.jbnu.ac.kr/csai/29107/subview.do
2025-09-25 16:50:03,953 - INFO - [일반공지] 총 1페이지 크롤링 예정
2025-09-25 16:50:04,018 - INFO - [학과소식] 총 1페이지 크롤링 예정
2025-09-25 16:50:04,097 - INFO - [학사공지] 총 1페이지 크롤링 예정
2025-09-25 16:50:26,714 - INFO - [일반공지] 페이지 1/1 완료: 11개 게시글
2025-09-25 16:50:27,216 - INFO - [일반공지] 크롤링 완료: 총 11개 게시글
2025-09-25 16:50:27,238 - INFO - [사업단공지] 크롤링 시작: https://csai.jbnu.ac.kr/csai/31501/subview.do
2025-09-25 16:50:27,348 - INFO - [학과소식] 페이지 1/1 완료: 11개 게시글
2025-09-25 16:50:27,890 - INFO - [학과소식] 크롤링 완료: 총 11개 게시글
2025-09-25 16:50:27,894 - INFO - [취업정보] 크롤링 시작: https://csai.jbnu.ac.kr/csai/29108/subview.do
2025-09-25 16:50:37,390 - INFO - [사업단공지] 총 1페이지 크롤링 예정
2025-09-25 16:50:37,745 - INFO - [취업정보] 총 1페이지 크롤링 예정
2025-09-25 16:50:55,897 - INFO - [사업단공지] 페이지 1/1 완료: 11개 게시글
2025-09-25 16:50:56,398 - INFO - [사업단공지] 크롤링 완료: 총 11개 게시글
2025-09-25 16:50:56,814 - INFO - [취업정보] 페이지 1/1 완료: 11개 게시글
2025-09-25 16:50:57,316 - INFO - [취업정보] 크롤링 완료: 총 11개 게시글
2025-09-25 16:51:06,058 - INFO - [학사공지] 페이지 1/1 완료: 30개 게시글
2025-09-25 16:51:06,559 - INFO - [학사공지] 크롤링 완료: 총 30개 게시글
2025-09-25 17:05:06,469 - INFO - 다중 URL 크롤러 초기화 완료 - 5개 URL
2025-09-25 17:05:06,471 - INFO - [학과소식] 크롤링 시작: https://csai.jbnu.ac.kr/csai/29105/subview.do
2025-09-25 17:05:07,673 - INFO - [학과소식] 총 1페이지 크롤링 예정
2025-09-25 17:05:21,444 - INFO - [학과소식] 페이지 1/1 완료: 11개 게시글
2025-09-25 17:05:21,945 - INFO - [학과소식] 크롤링 완료: 총 11개 게시글
2025-09-25 17:05:21,952 - INFO - 다중 URL 크롤러 초기화 완료 - 5개 URL
2025-09-25 17:05:21,953 - INFO - 다중 URL 크롤링 시작...
2025-09-25 17:05:21,956 - INFO - [학과소식] 크롤링 시작: https://csai.jbnu.ac.kr/csai/29105/subview.do
2025-09-25 17:05:21,957 - INFO - [일반공지] 크롤링 시작: https://csai.jbnu.ac.kr/csai/29106/subview.do
2025-09-25 17:05:21,959 - INFO - [학사공지] 크롤링 시작: https://csai.jbnu.ac.kr/csai/29107/subview.do
2025-09-25 17:05:23,522 - INFO - [일반공지] 총 1페이지 크롤링 예정
2025-09-25 17:05:23,685 - INFO - [학과소식] 총 1페이지 크롤링 예정
2025-09-25 17:05:23,768 - INFO - [학사공지] 총 1페이지 크롤링 예정
2025-09-25 17:05:40,594 - INFO - [일반공지] 페이지 1/1 완료: 11개 게시글
2025-09-25 17:05:40,820 - INFO - [학과소식] 페이지 1/1 완료: 11개 게시글
2025-09-25 17:05:41,107 - INFO - [일반공지] 크롤링 완료: 총 11개 게시글
2025-09-25 17:05:41,111 - INFO - [사업단공지] 크롤링 시작: https://csai.jbnu.ac.kr/csai/31501/subview.do
2025-09-25 17:05:41,112 - INFO - [일반공지] 11개 게시글 수집 완료
2025-09-25 17:05:41,321 - INFO - [학과소식] 크롤링 완료: 총 11개 게시글
2025-09-25 17:05:41,325 - INFO - [취업정보] 크롤링 시작: https://csai.jbnu.ac.kr/csai/29108/subview.do
2025-09-25 17:05:41,325 - INFO - [학과소식] 11개 게시글 수집 완료
2025-09-25 17:05:42,558 - INFO - [사업단공지] 총 1페이지 크롤링 예정
2025-09-25 17:05:42,771 - INFO - [취업정보] 총 1페이지 크롤링 예정
2025-09-25 17:05:58,999 - INFO - [사업단공지] 페이지 1/1 완료: 11개 게시글
2025-09-25 17:05:59,309 - INFO - [취업정보] 페이지 1/1 완료: 11개 게시글
2025-09-25 17:05:59,508 - INFO - [사업단공지] 크롤링 완료: 총 11개 게시글
2025-09-25 17:05:59,512 - INFO - [사업단공지] 11개 게시글 수집 완료
2025-09-25 17:05:59,810 - INFO - [취업정보] 크롤링 완료: 총 11개 게시글
2025-09-25 17:05:59,817 - INFO - [취업정보] 11개 게시글 수집 완료
2025-09-25 17:06:09,482 - INFO - [학사공지] 페이지 1/1 완료: 30개 게시글
2025-09-25 17:06:09,983 - INFO - [학사공지] 크롤링 완료: 총 30개 게시글
2025-09-25 17:06:09,989 - INFO - [학사공지] 30개 게시글 수집 완료
2025-09-25 17:06:09,990 - INFO - 전체 크롤링 완료: 74개 게시글, 소요시간: 48.04초
2025-09-25 17:06:10,002 - INFO - JSON 파일 저장 완료: test_multi_notices.json
2025-09-25 23:46:48,685 - INFO - 다중 URL 크롤러 초기화 완료 - 5개 URL
2025-09-25 23:46:48,686 - INFO - [학과소식] 크롤링 시작: https://csai.jbnu.ac.kr/csai/29105/subview.do
2025-09-25 23:46:49,575 - INFO - [학과소식] 총 1페이지 크롤링 예정
2025-09-25 23:46:58,804 - INFO - [학과소식] 페이지 1/1 완료: 11개 게시글
2025-09-25 23:46:59,305 - INFO - [학과소식] 크롤링 완료: 총 11개 게시글
2025-09-25 23:46:59,314 - INFO - 다중 URL 크롤러 초기화 완료 - 5개 URL
2025-09-25 23:46:59,314 - INFO - 다중 URL 크롤링 시작...
2025-09-25 23:46:59,335 - INFO - [학과소식] 크롤링 시작: https://csai.jbnu.ac.kr/csai/29105/subview.do
2025-09-25 23:46:59,336 - INFO - [일반공지] 크롤링 시작: https://csai.jbnu.ac.kr/csai/29106/subview.do
2025-09-25 23:46:59,336 - INFO - [학사공지] 크롤링 시작: https://csai.jbnu.ac.kr/csai/29107/subview.do
2025-09-25 23:47:00,408 - INFO - [일반공지] 총 1페이지 크롤링 예정
2025-09-25 23:47:00,437 - INFO - [학과소식] 총 1페이지 크롤링 예정
2025-09-25 23:47:00,709 - INFO - [학사공지] 총 1페이지 크롤링 예정
2025-09-25 23:47:10,818 - INFO - [일반공지] 페이지 1/1 완료: 11개 게시글
2025-09-25 23:47:11,320 - INFO - [일반공지] 크롤링 완료: 총 11개 게시글
2025-09-25 23:47:11,325 - INFO - [사업단공지] 크롤링 시작: https://csai.jbnu.ac.kr/csai/31501/subview.do
2025-09-25 23:47:11,325 - INFO - [일반공지] 11개 게시글 수집 완료
2025-09-25 23:47:11,548 - INFO - [학과소식] 페이지 1/1 완료: 11개 게시글
2025-09-25 23:47:12,049 - INFO - [학과소식] 크롤링 완료: 총 11개 게시글
2025-09-25 23:47:12,052 - INFO - [취업정보] 크롤링 시작: https://csai.jbnu.ac.kr/csai/29108/subview.do
2025-09-25 23:47:12,052 - INFO - [학과소식] 11개 게시글 수집 완료
2025-09-25 23:47:12,411 - INFO - [사업단공지] 총 1페이지 크롤링 예정
2025-09-25 23:47:12,867 - INFO - [취업정보] 총 1페이지 크롤링 예정
2025-09-25 23:47:23,783 - INFO - [사업단공지] 페이지 1/1 완료: 11개 게시글
2025-09-25 23:47:24,284 - INFO - [사업단공지] 크롤링 완료: 총 11개 게시글
2025-09-25 23:47:24,287 - INFO - [사업단공지] 11개 게시글 수집 완료
2025-09-25 23:47:24,297 - INFO - [취업정보] 페이지 1/1 완료: 11개 게시글
2025-09-25 23:47:24,799 - INFO - [취업정보] 크롤링 완료: 총 11개 게시글
2025-09-25 23:47:24,802 - INFO - [취업정보] 11개 게시글 수집 완료
2025-09-25 23:47:33,172 - INFO - [학사공지] 페이지 1/1 완료: 30개 게시글
2025-09-25 23:47:33,674 - INFO - [학사공지] 크롤링 완료: 총 30개 게시글
2025-09-25 23:47:33,678 - INFO - [학사공지] 30개 게시글 수집 완료
2025-09-25 23:47:33,679 - INFO - 전체 크롤링 완료: 74개 게시글, 소요시간: 34.36초
2025-09-25 23:47:33,688 - INFO - JSON 파일 저장 완료: test_multi_notices.json
2025-09-25 23:48:15,349 - INFO - 다중 URL 크롤러 초기화 완료 - 5개 URL
2025-09-25 23:48:15,351 - INFO - 다중 URL 크롤링 시작...
2025-09-25 23:48:15,351 - INFO - [학과소식] 크롤링 시작: https://csai.jbnu.ac.kr/csai/29105/subview.do
2025-09-25 23:48:16,065 - INFO - [학과소식] 총 1페이지 크롤링 예정
2025-09-25 23:48:25,151 - INFO - [학과소식] 페이지 1/1 완료: 11개 게시글
2025-09-25 23:48:25,652 - INFO - [학과소식] 크롤링 완료: 총 11개 게시글
2025-09-25 23:48:25,655 - INFO - [일반공지] 크롤링 시작: https://csai.jbnu.ac.kr/csai/29106/subview.do
2025-09-25 23:48:26,361 - INFO - [일반공지] 총 1페이지 크롤링 예정
2025-09-25 23:48:35,650 - INFO - [일반공지] 페이지 1/1 완료: 11개 게시글
2025-09-25 23:48:36,153 - INFO - [일반공지] 크롤링 완료: 총 11개 게시글
2025-09-25 23:48:36,155 - INFO - [학사공지] 크롤링 시작: https://csai.jbnu.ac.kr/csai/29107/subview.do
2025-09-25 23:48:36,873 - INFO - [학사공지] 총 1페이지 크롤링 예정
2025-09-25 23:49:03,398 - INFO - [학사공지] 페이지 1/1 완료: 30개 게시글
2025-09-25 23:49:03,900 - INFO - [학사공지] 크롤링 완료: 총 30개 게시글
2025-09-25 23:49:03,903 - INFO - [사업단공지] 크롤링 시작: https://csai.jbnu.ac.kr/csai/31501/subview.do
2025-09-25 23:49:04,574 - INFO - [사업단공지] 총 1페이지 크롤링 예정
2025-09-25 23:49:13,691 - INFO - [사업단공지] 페이지 1/1 완료: 11개 게시글
2025-09-25 23:49:14,192 - INFO - [사업단공지] 크롤링 완료: 총 11개 게시글
2025-09-25 23:49:14,195 - INFO - [취업정보] 크롤링 시작: https://csai.jbnu.ac.kr/csai/29108/subview.do
2025-09-25 23:49:14,898 - INFO - [취업정보] 총 1페이지 크롤링 예정
2025-09-25 23:49:24,808 - INFO - [취업정보] 페이지 1/1 완료: 11개 게시글
2025-09-25 23:49:25,310 - INFO - [취업정보] 크롤링 완료: 총 11개 게시글
2025-09-25 23:49:25,312 - INFO - 전체 크롤링 완료: 74개 게시글, 소요시간: 69.96초
2025-09-25 23:49:25,314 - INFO - 다중 URL 크롤링 시작...
2025-09-25 23:49:25,315 - INFO - [학과소식] 크롤링 시작: https://csai.jbnu.ac.kr/csai/29105/subview.do
2025-09-25 23:49:25,316 - INFO - [일반공지] 크롤링 시작: https://csai.jbnu.ac.kr/csai/29106/subview.do
2025-09-25 23:49:25,316 - INFO - [학사공지] 크롤링 시작: https://csai.jbnu.ac.kr/csai/29107/subview.do
2025-09-25 23:49:26,349 - INFO - [학과소식] 총 1페이지 크롤링 예정
2025-09-25 23:49:26,383 - INFO - [학사공지] 총 1페이지 크롤링 예정
2025-09-25 23:49:26,408 - INFO - [일반공지] 총 1페이지 크롤링 예정
2025-09-25 23:49:37,252 - INFO - [학과소식] 페이지 1/1 완료: 11개 게시글
2025-09-25 23:49:37,736 - INFO - [일반공지] 페이지 1/1 완료: 11개 게시글
2025-09-25 23:49:37,754 - INFO - [학과소식] 크롤링 완료: 총 11개 게시글
2025-09-25 23:49:37,757 - INFO - [사업단공지] 크롤링 시작: https://csai.jbnu.ac.kr/csai/31501/subview.do
2025-09-25 23:49:37,757 - INFO - [학과소식] 11개 게시글 수집 완료
2025-09-25 23:49:38,237 - INFO - [일반공지] 크롤링 완료: 총 11개 게시글
2025-09-25 23:49:38,240 - INFO - [취업정보] 크롤링 시작: https://csai.jbnu.ac.kr/csai/29108/subview.do
2025-09-25 23:49:38,241 - INFO - [일반공지] 11개 게시글 수집 완료
2025-09-25 23:49:38,644 - INFO - [사업단공지] 총 1페이지 크롤링 예정
2025-09-25 23:49:39,215 - INFO - [취업정보] 총 1페이지 크롤링 예정
2025-09-25 23:49:49,742 - INFO - [사업단공지] 페이지 1/1 완료: 11개 게시글
2025-09-25 23:49:50,243 - INFO - [사업단공지] 크롤링 완료: 총 11개 게시글
2025-09-25 23:49:50,245 - INFO - [사업단공지] 11개 게시글 수집 완료
2025-09-25 23:49:50,324 - INFO - [취업정보] 페이지 1/1 완료: 11개 게시글
2025-09-25 23:49:50,825 - INFO - [취업정보] 크롤링 완료: 총 11개 게시글
2025-09-25 23:49:50,828 - INFO - [취업정보] 11개 게시글 수집 완료
2025-09-25 23:49:58,303 - INFO - [학사공지] 페이지 1/1 완료: 30개 게시글
2025-09-25 23:49:58,805 - INFO - [학사공지] 크롤링 완료: 총 30개 게시글
2025-09-25 23:49:58,808 - INFO - [학사공지] 30개 게시글 수집 완료
2025-09-25 23:49:58,809 - INFO - 전체 크롤링 완료: 74개 게시글, 소요시간: 33.49초
2025-09-26 00:00:03,189 - INFO - 다중 URL 크롤러 초기화 완료 - 5개 URL
2025-09-26 00:00:03,189 - INFO - 다중 URL 크롤링 시작...
2025-09-26 00:00:03,195 - INFO - [학과소식] 크롤링 시작: https://csai.jbnu.ac.kr/csai/29105/subview.do
2025-09-26 00:00:03,195 - INFO - [일반공지] 크롤링 시작: https://csai.jbnu.ac.kr/csai/29106/subview.do
2025-09-26 00:00:03,196 - INFO - [학사공지] 크롤링 시작: https://csai.jbnu.ac.kr/csai/29107/subview.do
2025-09-26 00:00:04,350 - INFO - [일반공지] 총 2페이지 크롤링 예정
2025-09-26 00:00:04,383 - INFO - [학사공지] 총 2페이지 크롤링 예정
2025-09-26 00:00:04,555 - INFO - [학과소식] 총 2페이지 크롤링 예정
2025-09-26 00:00:16,065 - INFO - [일반공지] 페이지 1/2 완료: 11개 게시글
2025-09-26 00:00:16,499 - INFO - [학과소식] 페이지 1/2 완료: 11개 게시글
2025-09-26 00:00:27,399 - INFO - [일반공지] 페이지 2/2 완료: 11개 게시글
2025-09-26 00:00:27,901 - INFO - [일반공지] 크롤링 완료: 총 22개 게시글
2025-09-26 00:00:27,904 - INFO - [사업단공지] 크롤링 시작: https://csai.jbnu.ac.kr/csai/31501/subview.do
2025-09-26 00:00:27,904 - INFO - [일반공지] 22개 게시글 수집 완료
2025-09-26 00:00:28,231 - INFO - [학과소식] 페이지 2/2 완료: 11개 게시글
2025-09-26 00:00:28,641 - INFO - [사업단공지] 총 2페이지 크롤링 예정
2025-09-26 00:00:28,739 - INFO - [학과소식] 크롤링 완료: 총 22개 게시글
2025-09-26 00:00:28,743 - INFO - [취업정보] 크롤링 시작: https://csai.jbnu.ac.kr/csai/29108/subview.do
2025-09-26 00:00:28,743 - INFO - [학과소식] 22개 게시글 수집 완료
2025-09-26 00:00:29,647 - INFO - [취업정보] 총 2페이지 크롤링 예정
2025-09-26 00:00:37,252 - INFO - [학사공지] 페이지 1/2 완료: 30개 게시글
2025-09-26 00:00:39,736 - INFO - [사업단공지] 페이지 1/2 완료: 11개 게시글
2025-09-26 00:00:40,599 - INFO - [취업정보] 페이지 1/2 완료: 11개 게시글
2025-09-26 00:00:53,933 - INFO - [사업단공지] 페이지 2/2 완료: 11개 게시글
2025-09-26 00:00:54,368 - INFO - [취업정보] 페이지 2/2 완료: 11개 게시글
2025-09-26 00:00:54,434 - INFO - [사업단공지] 크롤링 완료: 총 22개 게시글
2025-09-26 00:00:54,437 - INFO - [사업단공지] 22개 게시글 수집 완료
2025-09-26 00:00:54,870 - INFO - [취업정보] 크롤링 완료: 총 22개 게시글
2025-09-26 00:00:54,872 - INFO - [취업정보] 22개 게시글 수집 완료
2025-09-26 00:01:09,277 - INFO - [학사공지] 페이지 2/2 완료: 30개 게시글
2025-09-26 00:01:09,779 - INFO - [학사공지] 크롤링 완료: 총 60개 게시글
2025-09-26 00:01:09,781 - INFO - [학사공지] 60개 게시글 수집 완료
2025-09-26 00:01:09,783 - INFO - 전체 크롤링 완료: 148개 게시글, 소요시간: 66.59초
2025-09-26 00:01:09,788 - INFO - JSON 파일 저장 완료: multi_notices_20250926_000109.json
2025-09-26 00:01:27,813 - INFO - 다중 URL 크롤러 초기화 완료 - 5개 URL
2025-09-26 00:01:27,814 - INFO - 다중 URL 크롤링 시작...
2025-09-26 00:01:27,818 - INFO - [학과소식] 크롤링 시작: https://csai.jbnu.ac.kr/csai/29105/subview.do
2025-09-26 00:01:27,818 - INFO - [일반공지] 크롤링 시작: https://csai.jbnu.ac.kr/csai/29106/subview.do
2025-09-26 00:01:27,819 - INFO - [학사공지] 크롤링 시작: https://csai.jbnu.ac.kr/csai/29107/subview.do
2025-09-26 00:01:28,969 - INFO - [일반공지] 총 2페이지 크롤링 예정
2025-09-26 00:01:28,993 - INFO - [학과소식] 총 2페이지 크롤링 예정
2025-09-26 00:01:29,033 - INFO - [학사공지] 총 2페이지 크롤링 예정
2025-09-26 00:01:40,992 - INFO - [학과소식] 페이지 1/2 완료: 11개 게시글
2025-09-26 00:01:41,069 - INFO - [일반공지] 페이지 1/2 완료: 11개 게시글
2025-09-26 00:01:53,420 - INFO - [일반공지] 페이지 2/2 완료: 11개 게시글
2025-09-26 00:01:53,862 - INFO - [학과소식] 페이지 2/2 완료: 11개 게시글
2025-09-26 00:01:53,922 - INFO - [일반공지] 크롤링 완료: 총 22개 게시글
2025-09-26 00:01:53,926 - INFO - [사업단공지] 크롤링 시작: https://csai.jbnu.ac.kr/csai/31501/subview.do
2025-09-26 00:01:53,926 - INFO - [일반공지] 22개 게시글 수집 완료
2025-09-26 00:01:54,364 - INFO - [학과소식] 크롤링 완료: 총 22개 게시글
2025-09-26 00:01:54,367 - INFO - [취업정보] 크롤링 시작: https://csai.jbnu.ac.kr/csai/29108/subview.do
2025-09-26 00:01:54,367 - INFO - [학과소식] 22개 게시글 수집 완료
2025-09-26 00:01:54,824 - INFO - [사업단공지] 총 2페이지 크롤링 예정
2025-09-26 00:01:55,232 - INFO - [취업정보] 총 2페이지 크롤링 예정
2025-09-26 00:02:02,643 - INFO - [학사공지] 페이지 1/2 완료: 30개 게시글
2025-09-26 00:02:06,154 - INFO - [사업단공지] 페이지 1/2 완료: 11개 게시글
2025-09-26 00:02:06,842 - INFO - [취업정보] 페이지 1/2 완료: 11개 게시글
2025-09-26 00:02:17,854 - INFO - [사업단공지] 페이지 2/2 완료: 11개 게시글
2025-09-26 00:02:18,356 - INFO - [사업단공지] 크롤링 완료: 총 22개 게시글
2025-09-26 00:02:18,359 - INFO - [사업단공지] 22개 게시글 수집 완료
2025-09-26 00:02:18,735 - INFO - [취업정보] 페이지 2/2 완료: 11개 게시글
2025-09-26 00:02:19,237 - INFO - [취업정보] 크롤링 완료: 총 22개 게시글
2025-09-26 00:02:19,239 - INFO - [취업정보] 22개 게시글 수집 완료
2025-09-26 00:02:32,127 - INFO - [학사공지] 페이지 2/2 완료: 30개 게시글
2025-09-26 00:02:32,628 - INFO - [학사공지] 크롤링 완료: 총 60개 게시글
2025-09-26 00:02:32,630 - INFO - [학사공지] 60개 게시글 수집 완료
2025-09-26 00:02:32,631 - INFO - 전체 크롤링 완료: 148개 게시글, 소요시간: 64.82초
2025-09-26 00:02:32,636 - INFO - JSON 파일 저장 완료: multi_notices_20250926_000232.json
